<?xml version="1.0" encoding="UTF-8"?>
<testsuite name="algoritms.ShakerTest" tests="1" skipped="0" failures="0" errors="0" timestamp="2020-07-16T11:56:34" hostname="maksimovoe-HP-ProBook-450-G5" time="0.022">
  <properties/>
  <testcase name="sort" classname="algoritms.ShakerTest" time="0.022"/>
  <system-out><![CDATA[67,37,8,97,69,21,7,73,4,37,

--------------------------------------
37,67,8,97,69,21,7,73,4,37,
37,8,67,97,69,21,7,73,4,37,
37,8,67,69,97,21,7,73,4,37,
37,8,67,69,21,97,7,73,4,37,
37,8,67,69,21,7,97,73,4,37,
37,8,67,69,21,7,73,97,4,37,
37,8,67,69,21,7,73,4,97,37,
37,8,67,69,21,7,73,4,37,97,
37,8,67,69,21,7,4,73,37,97,
37,8,67,69,21,4,7,73,37,97,
37,8,67,69,4,21,7,73,37,97,
37,8,67,4,69,21,7,73,37,97,
37,8,4,67,69,21,7,73,37,97,
37,4,8,67,69,21,7,73,37,97,
--------------------------------------
4,37,8,67,69,21,7,73,37,97,
4,8,37,67,69,21,7,73,37,97,
4,8,37,67,21,69,7,73,37,97,
4,8,37,67,21,7,69,73,37,97,
4,8,37,67,21,7,69,37,73,97,
4,8,37,67,21,7,37,69,73,97,
4,8,37,67,7,21,37,69,73,97,
4,8,37,7,67,21,37,69,73,97,
4,8,7,37,67,21,37,69,73,97,
--------------------------------------
4,7,8,37,67,21,37,69,73,97,
4,7,8,37,21,67,37,69,73,97,
4,7,8,37,21,37,67,69,73,97,
4,7,8,21,37,37,67,69,73,97,
--------------------------------------
--------------------------------------

4,7,8,21,37,37,67,69,73,97,
]]></system-out>
  <system-err><![CDATA[]]></system-err>
</testsuite>
